<?xml version="1.0" encoding="UTF-8"?>
<coverage generated="1781529584518" clover="3.2.0">
  <project timestamp="1781529584518" name="All files">
    <metrics statements="64" coveredstatements="62" conditionals="26" coveredconditionals="24" methods="6" coveredmethods="5" elements="96" coveredelements="91" complexity="0" loc="64" ncloc="64" packages="1" files="2" classes="2"/>
    <file name="calculator.js" path="/app/src/calculator.js">
      <metrics statements="7" coveredstatements="7" conditionals="2" coveredconditionals="2" methods="4" coveredmethods="4"/>
      <line num="3" count="13" type="stmt"/>
      <line num="7" count="7" type="stmt"/>
      <line num="11" count="8" type="stmt"/>
      <line num="15" count="10" type="cond" truecount="2" falsecount="0"/>
      <line num="16" count="2" type="stmt"/>
      <line num="19" count="8" type="stmt"/>
      <line num="23" count="2" type="stmt"/>
    </file>
    <file name="server.js" path="/app/src/server.js">
      <metrics statements="57" coveredstatements="55" conditionals="24" coveredconditionals="22" methods="2" coveredmethods="1"/>
      <line num="1" count="1" type="stmt"/>
      <line num="2" count="1" type="stmt"/>
      <line num="3" count="1" type="stmt"/>
      <line num="5" count="1" type="stmt"/>
      <line num="6" count="1" type="stmt"/>
      <line num="15" count="38" type="stmt"/>
      <line num="16" count="38" type="stmt"/>
      <line num="17" count="38" type="stmt"/>
      <line num="18" count="38" type="stmt"/>
      <line num="21" count="38" type="cond" truecount="2" falsecount="0"/>
      <line num="22" count="4" type="stmt"/>
      <line num="23" count="4" type="stmt"/>
      <line num="24" count="4" type="stmt"/>
      <line num="28" count="34" type="cond" truecount="2" falsecount="0"/>
      <line num="29" count="4" type="stmt"/>
      <line num="30" count="4" type="stmt"/>
      <line num="31" count="4" type="stmt"/>
      <line num="35" count="30" type="cond" truecount="1" falsecount="1"/>
      <line num="36" count="30" type="stmt"/>
      <line num="38" count="30" type="cond" truecount="2" falsecount="0"/>
      <line num="39" count="4" type="stmt"/>
      <line num="40" count="4" type="stmt"/>
      <line num="41" count="4" type="stmt"/>
      <line num="45" count="26" type="stmt"/>
      <line num="47" count="26" type="cond" truecount="5" falsecount="0"/>
      <line num="48" count="4" type="stmt"/>
      <line num="49" count="4" type="stmt"/>
      <line num="50" count="4" type="stmt"/>
      <line num="54" count="22" type="stmt"/>
      <line num="55" count="22" type="stmt"/>
      <line num="57" count="22" type="cond" truecount="4" falsecount="0"/>
      <line num="58" count="4" type="stmt"/>
      <line num="59" count="4" type="stmt"/>
      <line num="64" count="4" type="stmt"/>
      <line num="68" count="18" type="stmt"/>
      <line num="70" count="18" type="stmt"/>
      <line num="72" count="18" type="cond" truecount="5" falsecount="0"/>
      <line num="74" count="8" type="stmt"/>
      <line num="75" count="8" type="stmt"/>
      <line num="77" count="2" type="stmt"/>
      <line num="78" count="2" type="stmt"/>
      <line num="80" count="3" type="stmt"/>
      <line num="81" count="3" type="stmt"/>
      <line num="83" count="4" type="stmt"/>
      <line num="84" count="3" type="stmt"/>
      <line num="87" count="1" type="stmt"/>
      <line num="88" count="1" type="stmt"/>
      <line num="94" count="1" type="stmt"/>
      <line num="98" count="16" type="stmt"/>
      <line num="99" count="16" type="stmt"/>
      <line num="109" count="1" type="stmt"/>
      <line num="110" count="1" type="stmt"/>
      <line num="115" count="1" type="stmt"/>
      <line num="118" count="1" type="stmt"/>
      <line num="121" count="1" type="cond" truecount="1" falsecount="1"/>
      <line num="122" count="0" type="stmt"/>
      <line num="123" count="0" type="stmt"/>
    </file>
  </project>
</coverage>
