TN:
SF:src/calculator.js
FN:2,(anonymous_0)
FN:6,(anonymous_1)
FN:10,(anonymous_2)
FN:14,(anonymous_3)
FNF:4
FNH:4
FNDA:13,(anonymous_0)
FNDA:7,(anonymous_1)
FNDA:8,(anonymous_2)
FNDA:10,(anonymous_3)
DA:3,13
DA:7,7
DA:11,8
DA:15,10
DA:16,2
DA:19,8
DA:23,2
LF:7
LH:7
BRDA:15,0,0,2
BRDA:15,0,1,8
BRF:2
BRH:2
end_of_record
TN:
SF:src/server.js
FN:13,requestHandler
FN:122,(anonymous_1)
FNF:2
FNH:1
FNDA:38,requestHandler
FNDA:0,(anonymous_1)
DA:1,1
DA:2,1
DA:3,1
DA:5,1
DA:6,1
DA:15,38
DA:16,38
DA:17,38
DA:18,38
DA:21,38
DA:22,4
DA:23,4
DA:24,4
DA:28,34
DA:29,4
DA:30,4
DA:31,4
DA:35,30
DA:36,30
DA:38,30
DA:39,4
DA:40,4
DA:41,4
DA:45,26
DA:47,26
DA:48,4
DA:49,4
DA:50,4
DA:54,22
DA:55,22
DA:57,22
DA:58,4
DA:59,4
DA:64,4
DA:68,18
DA:70,18
DA:72,18
DA:74,8
DA:75,8
DA:77,2
DA:78,2
DA:80,3
DA:81,3
DA:83,4
DA:84,3
DA:87,1
DA:88,1
DA:94,1
DA:98,16
DA:99,16
DA:109,1
DA:110,1
DA:115,1
DA:118,1
DA:121,1
DA:122,0
DA:123,0
LF:57
LH:55
BRDA:21,0,0,4
BRDA:21,0,1,34
BRDA:28,1,0,4
BRDA:28,1,1,30
BRDA:35,2,0,30
BRDA:35,2,1,0
BRDA:38,3,0,4
BRDA:38,3,1,26
BRDA:47,4,0,4
BRDA:47,4,1,22
BRDA:47,5,0,26
BRDA:47,5,1,25
BRDA:47,5,2,24
BRDA:57,6,0,4
BRDA:57,6,1,18
BRDA:57,7,0,22
BRDA:57,7,1,19
BRDA:72,8,0,8
BRDA:72,8,1,2
BRDA:72,8,2,3
BRDA:72,8,3,4
BRDA:72,8,4,1
BRDA:121,9,0,0
BRDA:121,9,1,1
BRF:24
BRH:22
end_of_record
