{"/home/alex/Documents/ynov/cours/tests/calculator-api-js/src/calculator.js": {"path":"/home/alex/Documents/ynov/cours/tests/calculator-api-js/src/calculator.js","statementMap":{"0":{"start":{"line":3,"column":4},"end":{"line":3,"column":17}},"1":{"start":{"line":7,"column":4},"end":{"line":7,"column":17}},"2":{"start":{"line":11,"column":4},"end":{"line":11,"column":17}},"3":{"start":{"line":15,"column":4},"end":{"line":17,"column":5}},"4":{"start":{"line":16,"column":6},"end":{"line":16,"column":54}},"5":{"start":{"line":19,"column":4},"end":{"line":19,"column":17}},"6":{"start":{"line":23,"column":0},"end":{"line":23,"column":28}}},"fnMap":{"0":{"name":"(anonymous_0)","decl":{"start":{"line":2,"column":2},"end":{"line":2,"column":3}},"loc":{"start":{"line":2,"column":12},"end":{"line":4,"column":3}},"line":2},"1":{"name":"(anonymous_1)","decl":{"start":{"line":6,"column":2},"end":{"line":6,"column":3}},"loc":{"start":{"line":6,"column":17},"end":{"line":8,"column":3}},"line":6},"2":{"name":"(anonymous_2)","decl":{"start":{"line":10,"column":2},"end":{"line":10,"column":3}},"loc":{"start":{"line":10,"column":17},"end":{"line":12,"column":3}},"line":10},"3":{"name":"(anonymous_3)","decl":{"start":{"line":14,"column":2},"end":{"line":14,"column":3}},"loc":{"start":{"line":14,"column":15},"end":{"line":20,"column":3}},"line":14}},"branchMap":{"0":{"loc":{"start":{"line":15,"column":4},"end":{"line":17,"column":5}},"type":"if","locations":[{"start":{"line":15,"column":4},"end":{"line":17,"column":5}},{"start":{},"end":{}}],"line":15}},"s":{"0":13,"1":7,"2":8,"3":10,"4":2,"5":8,"6":2},"f":{"0":13,"1":7,"2":8,"3":10},"b":{"0":[2,8]},"_coverageSchema":"1a1c01bbd47fc00a2c39e90264f33305004495a9","hash":"13ecf5c5c09986c087d3fb1ba48234925dc0ec7c"}
,"/home/alex/Documents/ynov/cours/tests/calculator-api-js/src/server.js": {"path":"/home/alex/Documents/ynov/cours/tests/calculator-api-js/src/server.js","statementMap":{"0":{"start":{"line":1,"column":13},"end":{"line":1,"column":28}},"1":{"start":{"line":2,"column":12},"end":{"line":2,"column":26}},"2":{"start":{"line":3,"column":19},"end":{"line":3,"column":42}},"3":{"start":{"line":5,"column":19},"end":{"line":5,"column":35}},"4":{"start":{"line":6,"column":13},"end":{"line":6,"column":17}},"5":{"start":{"line":15,"column":2},"end":{"line":15,"column":67}},"6":{"start":{"line":16,"column":2},"end":{"line":16,"column":52}},"7":{"start":{"line":17,"column":2},"end":{"line":17,"column":64}},"8":{"start":{"line":18,"column":2},"end":{"line":18,"column":79}},"9":{"start":{"line":21,"column":2},"end":{"line":25,"column":3}},"10":{"start":{"line":22,"column":4},"end":{"line":22,"column":23}},"11":{"start":{"line":23,"column":4},"end":{"line":23,"column":14}},"12":{"start":{"line":24,"column":4},"end":{"line":24,"column":11}},"13":{"start":{"line":28,"column":2},"end":{"line":32,"column":3}},"14":{"start":{"line":29,"column":4},"end":{"line":29,"column":50}},"15":{"start":{"line":30,"column":4},"end":{"line":30,"column":79}},"16":{"start":{"line":31,"column":4},"end":{"line":31,"column":11}},"17":{"start":{"line":35,"column":20},"end":{"line":35,"column":50}},"18":{"start":{"line":36,"column":19},"end":{"line":36,"column":37}},"19":{"start":{"line":38,"column":2},"end":{"line":42,"column":3}},"20":{"start":{"line":39,"column":4},"end":{"line":39,"column":23}},"21":{"start":{"line":40,"column":4},"end":{"line":40,"column":61}},"22":{"start":{"line":41,"column":4},"end":{"line":41,"column":11}},"23":{"start":{"line":45,"column":30},"end":{"line":45,"column":45}},"24":{"start":{"line":47,"column":2},"end":{"line":51,"column":3}},"25":{"start":{"line":48,"column":4},"end":{"line":48,"column":23}},"26":{"start":{"line":49,"column":4},"end":{"line":49,"column":80}},"27":{"start":{"line":50,"column":4},"end":{"line":50,"column":11}},"28":{"start":{"line":54,"column":15},"end":{"line":54,"column":24}},"29":{"start":{"line":55,"column":15},"end":{"line":55,"column":24}},"30":{"start":{"line":57,"column":2},"end":{"line":65,"column":3}},"31":{"start":{"line":58,"column":4},"end":{"line":58,"column":23}},"32":{"start":{"line":59,"column":4},"end":{"line":63,"column":6}},"33":{"start":{"line":64,"column":4},"end":{"line":64,"column":11}},"34":{"start":{"line":68,"column":2},"end":{"line":111,"column":3}},"35":{"start":{"line":70,"column":15},"end":{"line":70,"column":32}},"36":{"start":{"line":72,"column":4},"end":{"line":95,"column":5}},"37":{"start":{"line":74,"column":8},"end":{"line":74,"column":44}},"38":{"start":{"line":75,"column":8},"end":{"line":75,"column":14}},"39":{"start":{"line":77,"column":8},"end":{"line":77,"column":49}},"40":{"start":{"line":78,"column":8},"end":{"line":78,"column":14}},"41":{"start":{"line":80,"column":8},"end":{"line":80,"column":49}},"42":{"start":{"line":81,"column":8},"end":{"line":81,"column":14}},"43":{"start":{"line":83,"column":8},"end":{"line":83,"column":47}},"44":{"start":{"line":84,"column":8},"end":{"line":84,"column":14}},"45":{"start":{"line":87,"column":8},"end":{"line":87,"column":27}},"46":{"start":{"line":88,"column":8},"end":{"line":93,"column":10}},"47":{"start":{"line":94,"column":8},"end":{"line":94,"column":15}},"48":{"start":{"line":98,"column":4},"end":{"line":98,"column":23}},"49":{"start":{"line":99,"column":4},"end":{"line":106,"column":6}},"50":{"start":{"line":109,"column":4},"end":{"line":109,"column":23}},"51":{"start":{"line":110,"column":4},"end":{"line":110,"column":54}},"52":{"start":{"line":115,"column":15},"end":{"line":115,"column":48}},"53":{"start":{"line":118,"column":0},"end":{"line":118,"column":50}},"54":{"start":{"line":121,"column":0},"end":{"line":125,"column":1}},"55":{"start":{"line":122,"column":2},"end":{"line":124,"column":5}},"56":{"start":{"line":123,"column":4},"end":{"line":123,"column":64}}},"fnMap":{"0":{"name":"requestHandler","decl":{"start":{"line":13,"column":9},"end":{"line":13,"column":23}},"loc":{"start":{"line":13,"column":34},"end":{"line":112,"column":1}},"line":13},"1":{"name":"(anonymous_1)","decl":{"start":{"line":122,"column":22},"end":{"line":122,"column":23}},"loc":{"start":{"line":122,"column":28},"end":{"line":124,"column":3}},"line":122}},"branchMap":{"0":{"loc":{"start":{"line":21,"column":2},"end":{"line":25,"column":3}},"type":"if","locations":[{"start":{"line":21,"column":2},"end":{"line":25,"column":3}},{"start":{},"end":{}}],"line":21},"1":{"loc":{"start":{"line":28,"column":2},"end":{"line":32,"column":3}},"type":"if","locations":[{"start":{"line":28,"column":2},"end":{"line":32,"column":3}},{"start":{},"end":{}}],"line":28},"2":{"loc":{"start":{"line":35,"column":30},"end":{"line":35,"column":43}},"type":"binary-expr","locations":[{"start":{"line":35,"column":30},"end":{"line":35,"column":37}},{"start":{"line":35,"column":41},"end":{"line":35,"column":43}}],"line":35},"3":{"loc":{"start":{"line":38,"column":2},"end":{"line":42,"column":3}},"type":"if","locations":[{"start":{"line":38,"column":2},"end":{"line":42,"column":3}},{"start":{},"end":{}}],"line":38},"4":{"loc":{"start":{"line":47,"column":2},"end":{"line":51,"column":3}},"type":"if","locations":[{"start":{"line":47,"column":2},"end":{"line":51,"column":3}},{"start":{},"end":{}}],"line":47},"5":{"loc":{"start":{"line":47,"column":6},"end":{"line":47,"column":67}},"type":"binary-expr","locations":[{"start":{"line":47,"column":6},"end":{"line":47,"column":29}},{"start":{"line":47,"column":33},"end":{"line":47,"column":48}},{"start":{"line":47,"column":52},"end":{"line":47,"column":67}}],"line":47},"6":{"loc":{"start":{"line":57,"column":2},"end":{"line":65,"column":3}},"type":"if","locations":[{"start":{"line":57,"column":2},"end":{"line":65,"column":3}},{"start":{},"end":{}}],"line":57},"7":{"loc":{"start":{"line":57,"column":6},"end":{"line":57,"column":32}},"type":"binary-expr","locations":[{"start":{"line":57,"column":6},"end":{"line":57,"column":17}},{"start":{"line":57,"column":21},"end":{"line":57,"column":32}}],"line":57},"8":{"loc":{"start":{"line":72,"column":4},"end":{"line":95,"column":5}},"type":"switch","locations":[{"start":{"line":73,"column":6},"end":{"line":75,"column":14}},{"start":{"line":76,"column":6},"end":{"line":78,"column":14}},{"start":{"line":79,"column":6},"end":{"line":81,"column":14}},{"start":{"line":82,"column":6},"end":{"line":84,"column":14}},{"start":{"line":85,"column":6},"end":{"line":94,"column":15}}],"line":72},"9":{"loc":{"start":{"line":121,"column":0},"end":{"line":125,"column":1}},"type":"if","locations":[{"start":{"line":121,"column":0},"end":{"line":125,"column":1}},{"start":{},"end":{}}],"line":121}},"s":{"0":1,"1":1,"2":1,"3":1,"4":1,"5":38,"6":38,"7":38,"8":38,"9":38,"10":4,"11":4,"12":4,"13":34,"14":4,"15":4,"16":4,"17":30,"18":30,"19":30,"20":4,"21":4,"22":4,"23":26,"24":26,"25":4,"26":4,"27":4,"28":22,"29":22,"30":22,"31":4,"32":4,"33":4,"34":18,"35":18,"36":18,"37":8,"38":8,"39":2,"40":2,"41":3,"42":3,"43":4,"44":3,"45":1,"46":1,"47":1,"48":16,"49":16,"50":1,"51":1,"52":1,"53":1,"54":1,"55":0,"56":0},"f":{"0":38,"1":0},"b":{"0":[4,34],"1":[4,30],"2":[30,0],"3":[4,26],"4":[4,22],"5":[26,25,24],"6":[4,18],"7":[22,19],"8":[8,2,3,4,1],"9":[0,1]},"_coverageSchema":"1a1c01bbd47fc00a2c39e90264f33305004495a9","hash":"8bf5e651bc30a1f6df940f6710da7fcda2c012c2"}
}
